2022.11.14 09:30:54 INFO  tracing is disabled for protocol LSP, to enable tracing of incoming and outgoing JSON messages create an empty file at d:\University - KCL (BSc - Computer Science)\Year 2\Programming (PEP)\Scala\Scala-Learning\Scala-Learning\.metals\lsp.trace.json or C:\Users\ivan0\AppData\Local\scalameta\metals\cache\lsp.trace.json
2022.11.14 09:30:55 INFO  logging to file D:\University - KCL (BSc - Computer Science)\Year 2\Programming (PEP)\Scala\Scala-Learning\Scala-Learning\.metals\metals.log
2022.11.14 09:30:55 INFO  Started: Metals version 0.11.9 in workspace 'D:\University - KCL (BSc - Computer Science)\Year 2\Programming (PEP)\Scala\Scala-Learning\Scala-Learning' for client Visual Studio Code 1.73.1.
2022.11.14 09:30:56 INFO  time: initialize in 1.33s
2022.11.14 09:30:57 WARN  Build server is not auto-connectable.
2022.11.14 09:30:57 WARN  no build tool detected in workspace 'D:\University - KCL (BSc - Computer Science)\Year 2\Programming (PEP)\Scala\Scala-Learning\Scala-Learning'. The most common cause for this problem is that the editor was opened in the wrong working directory, for example if you use sbt then the workspace directory should contain build.sbt. 
2022.11.14 09:30:57 WARN  no build target for: D:\University - KCL (BSc - Computer Science)\Year 2\Programming (PEP)\Scala\Scala-Learning\Scala-Learning\Week 1\basics.scala
2022.11.14 09:31:00 INFO  no build target found for D:\University - KCL (BSc - Computer Science)\Year 2\Programming (PEP)\Scala\Scala-Learning\Scala-Learning\Week 1\basics.scala. Using presentation compiler with project's scala-library version: 3.2.0
2022.11.14 09:31:02 INFO  time: code lens generation in 4.4s
2022.11.14 09:33:21 WARN  no build target for: D:\University - KCL (BSc - Computer Science)\Year 2\Programming (PEP)\Scala\Scala-Learning\Scala-Learning\Week 1\practical\practical_1.scala
Nov 14, 2022 9:34:25 AM org.eclipse.lsp4j.jsonrpc.services.GenericEndpoint notify
INFO: Unsupported notification method: $/setTrace
2022.11.14 09:35:06 WARN  no build target for: D:\University - KCL (BSc - Computer Science)\Year 2\Programming (PEP)\Scala\Scala-Learning\Scala-Learning\Week 1\practical\practical_1.scala
2022.11.14 09:35:10 WARN  no build target for: D:\University - KCL (BSc - Computer Science)\Year 2\Programming (PEP)\Scala\Scala-Learning\Scala-Learning\Week 1\practical\practical_1.scala
2022.11.14 09:35:26 WARN  no build target for: C:\Users\ivan0\AppData\Local\Microsoft\Windows\INetCache\IE\RX6YZ0I3\wsh01[1].scala
2022.11.14 09:35:42 WARN  no build target for: D:\University - KCL (BSc - Computer Science)\Year 2\Programming (PEP)\Scala\Scala-Learning\Scala-Learning\Week 1\practical\practical_1.scala
Nov 14, 2022 9:36:11 AM org.eclipse.lsp4j.jsonrpc.RemoteEndpoint handleCancellation
WARNING: Unmatched cancel notification for request id 101
Nov 14, 2022 9:36:12 AM org.eclipse.lsp4j.jsonrpc.RemoteEndpoint handleCancellation
WARNING: Unmatched cancel notification for request id 111
2022.11.14 09:36:16 WARN  no build target for: D:\University - KCL (BSc - Computer Science)\Year 2\Programming (PEP)\Scala\Scala-Learning\Scala-Learning\Week 1\practical\practical_1.scala
2022.11.14 09:36:38 WARN  no build target for: D:\University - KCL (BSc - Computer Science)\Year 2\Programming (PEP)\Scala\Scala-Learning\Scala-Learning\Week 1\practical\practical_1.scala
Nov 14, 2022 9:36:55 AM org.eclipse.lsp4j.jsonrpc.RemoteEndpoint handleCancellation
WARNING: Unmatched cancel notification for request id 159
2022.11.14 09:37:12 WARN  no build target for: D:\University - KCL (BSc - Computer Science)\Year 2\Programming (PEP)\Scala\Scala-Learning\Scala-Learning\Week 1\practical\practical_1.scala
2022.11.14 09:37:28 WARN  no build target for: D:\University - KCL (BSc - Computer Science)\Year 2\Programming (PEP)\Scala\Scala-Learning\Scala-Learning\Week 1\practical\practical_1.scala
2022.11.14 09:37:52 WARN  no build target for: D:\University - KCL (BSc - Computer Science)\Year 2\Programming (PEP)\Scala\Scala-Learning\Scala-Learning\Week 1\practical\practical_1.scala
2022.11.14 09:38:18 WARN  no build target for: D:\University - KCL (BSc - Computer Science)\Year 2\Programming (PEP)\Scala\Scala-Learning\Scala-Learning\Week 1\practical\practical_1.scala
2022.11.14 09:38:34 WARN  no build target for: D:\University - KCL (BSc - Computer Science)\Year 2\Programming (PEP)\Scala\Scala-Learning\Scala-Learning\Week 1\practical\practical_1.scala
2022.11.14 09:38:49 WARN  no build target for: D:\University - KCL (BSc - Computer Science)\Year 2\Programming (PEP)\Scala\Scala-Learning\Scala-Learning\Week 1\practical\practical_1.scala
2022.11.14 09:39:09 WARN  no build target for: D:\University - KCL (BSc - Computer Science)\Year 2\Programming (PEP)\Scala\Scala-Learning\Scala-Learning\Week 1\practical\practical_1.scala
2022.11.14 09:40:16 WARN  no build target for: D:\University - KCL (BSc - Computer Science)\Year 2\Programming (PEP)\Scala\Scala-Learning\Scala-Learning\Week 1\practical\practical_1.scala
2022.11.14 09:40:32 WARN  no build target for: D:\University - KCL (BSc - Computer Science)\Year 2\Programming (PEP)\Scala\Scala-Learning\Scala-Learning\Week 1\practical\practical_1.scala
2022.11.14 09:40:48 WARN  no build target for: D:\University - KCL (BSc - Computer Science)\Year 2\Programming (PEP)\Scala\Scala-Learning\Scala-Learning\Week 1\practical\practical_1.scala
2022.11.14 09:41:09 WARN  no build target for: D:\University - KCL (BSc - Computer Science)\Year 2\Programming (PEP)\Scala\Scala-Learning\Scala-Learning\Week 1\practical\practical_1.scala
2022.11.14 09:41:37 WARN  no build target for: D:\University - KCL (BSc - Computer Science)\Year 2\Programming (PEP)\Scala\Scala-Learning\Scala-Learning\Week 1\practical\practical_1.scala
2022.11.14 09:42:03 WARN  no build target for: D:\University - KCL (BSc - Computer Science)\Year 2\Programming (PEP)\Scala\Scala-Learning\Scala-Learning\Week 1\practical\practical_1.scala
Nov 14, 2022 9:42:08 AM org.eclipse.lsp4j.jsonrpc.RemoteEndpoint handleCancellation
WARNING: Unmatched cancel notification for request id 649
2022.11.14 09:42:10 WARN  no build target for: D:\University - KCL (BSc - Computer Science)\Year 2\Programming (PEP)\Scala\Scala-Learning\Scala-Learning\Week 1\practical\practical_1.scala
2022.11.14 09:42:32 WARN  no build target for: D:\University - KCL (BSc - Computer Science)\Year 2\Programming (PEP)\Scala\Scala-Learning\Scala-Learning\Week 1\practical\practical_1.scala
2022.11.14 09:42:38 WARN  no build target for: D:\University - KCL (BSc - Computer Science)\Year 2\Programming (PEP)\Scala\Scala-Learning\Scala-Learning\Week 1\practical\practical_1.scala
2022.11.14 09:42:43 WARN  no build target for: D:\University - KCL (BSc - Computer Science)\Year 2\Programming (PEP)\Scala\Scala-Learning\Scala-Learning\Week 1\practical\practical_1.scala
2022.11.14 09:42:50 WARN  no build target for: D:\University - KCL (BSc - Computer Science)\Year 2\Programming (PEP)\Scala\Scala-Learning\Scala-Learning\Week 1\practical\practical_1.scala
2022.11.14 09:43:03 WARN  no build target for: D:\University - KCL (BSc - Computer Science)\Year 2\Programming (PEP)\Scala\Scala-Learning\Scala-Learning\Week 1\practical\practical_1.scala
2022.11.14 09:43:03 WARN  no build target for: D:\University - KCL (BSc - Computer Science)\Year 2\Programming (PEP)\Scala\Scala-Learning\Scala-Learning\Week 1\practical\practical_1.scala
2022.11.14 09:43:36 WARN  no build target for: D:\University - KCL (BSc - Computer Science)\Year 2\Programming (PEP)\Scala\Scala-Learning\Scala-Learning\Week 1\practical\practical_1.scala
2022.11.14 09:43:38 WARN  no build target for: D:\University - KCL (BSc - Computer Science)\Year 2\Programming (PEP)\Scala\Scala-Learning\Scala-Learning\Week 1\practical\practical_1.scala
2022.11.14 09:43:55 WARN  no build target for: D:\University - KCL (BSc - Computer Science)\Year 2\Programming (PEP)\Scala\Scala-Learning\Scala-Learning\Week 1\practical\practical_1.scala
2022.11.14 09:44:00 WARN  no build target for: D:\University - KCL (BSc - Computer Science)\Year 2\Programming (PEP)\Scala\Scala-Learning\Scala-Learning\Week 1\practical\practical_1.scala
2022.11.14 09:44:22 WARN  no build target for: D:\University - KCL (BSc - Computer Science)\Year 2\Programming (PEP)\Scala\Scala-Learning\Scala-Learning\Week 1\practical\practical_1.scala
2022.11.14 09:46:01 WARN  no build target for: D:\University - KCL (BSc - Computer Science)\Year 3\Programming (CFL)\Scala-Compilers-Learning\Scala-Compilers-Learning\Week 4\lexer_v2.scala
2022.11.14 09:46:17 WARN  no build target for: D:\University - KCL (BSc - Computer Science)\Year 2\Programming (PEP)\Scala\Scala-Learning\Scala-Learning\Week 1\practical\practical_1.scala
2022.11.14 09:46:29 WARN  no build target for: D:\University - KCL (BSc - Computer Science)\Year 2\Programming (PEP)\Scala\Scala-Learning\Scala-Learning\Week 1\practical\practical_1.scala
2022.11.14 09:46:45 WARN  no build target for: D:\University - KCL (BSc - Computer Science)\Year 2\Programming (PEP)\Scala\Scala-Learning\Scala-Learning\Week 1\practical\practical_1.scala
2022.11.14 09:46:52 WARN  no build target for: D:\University - KCL (BSc - Computer Science)\Year 2\Programming (PEP)\Scala\Scala-Learning\Scala-Learning\Week 1\practical\practical_1.scala
2022.11.14 09:46:58 WARN  no build target for: D:\University - KCL (BSc - Computer Science)\Year 2\Programming (PEP)\Scala\Scala-Learning\Scala-Learning\Week 1\practical\practical_1.scala
2022.11.14 09:47:06 WARN  no build target for: D:\University - KCL (BSc - Computer Science)\Year 2\Programming (PEP)\Scala\Scala-Learning\Scala-Learning\Week 1\practical\practical_1.scala
2022.11.14 09:47:48 WARN  no build target for: D:\University - KCL (BSc - Computer Science)\Year 2\Programming (PEP)\Scala\Scala-Learning\Scala-Learning\Week 1\practical\practical_1.scala
2022.11.14 09:48:11 WARN  no build target for: D:\University - KCL (BSc - Computer Science)\Year 2\Programming (PEP)\Scala\Scala-Learning\Scala-Learning\Week 1\practical\practical_1.scala
2022.11.14 09:48:40 WARN  no build target for: D:\University - KCL (BSc - Computer Science)\Year 2\Programming (PEP)\Scala\Scala-Learning\Scala-Learning\Week 1\practical\practical_1.scala
2022.11.14 09:49:45 WARN  no build target for: D:\University - KCL (BSc - Computer Science)\Year 2\Programming (PEP)\Scala\Scala-Learning\Scala-Learning\Week 1\practical\practical_1.scala
2022.11.14 09:50:01 WARN  no build target for: D:\University - KCL (BSc - Computer Science)\Year 2\Programming (PEP)\Scala\Scala-Learning\Scala-Learning\Week 1\practical\practical_1.scala
2022.11.14 09:50:05 WARN  no build target for: D:\University - KCL (BSc - Computer Science)\Year 2\Programming (PEP)\Scala\Scala-Learning\Scala-Learning\Week 1\practical\practical_1.scala
2022.11.14 09:50:18 WARN  no build target for: D:\University - KCL (BSc - Computer Science)\Year 2\Programming (PEP)\Scala\Scala-Learning\Scala-Learning\Week 1\practical\practical_1.scala
2022.11.14 09:51:09 WARN  no build target for: D:\University - KCL (BSc - Computer Science)\Year 2\Programming (PEP)\Scala\Scala-Learning\Scala-Learning\Week 1\practical\practical_1.scala
2022.11.14 09:51:35 WARN  no build target for: D:\University - KCL (BSc - Computer Science)\Year 2\Programming (PEP)\Scala\Scala-Learning\Scala-Learning\Week 1\practical\practical_1.scala
Nov 14, 2022 9:51:40 AM org.eclipse.lsp4j.jsonrpc.RemoteEndpoint handleCancellation
WARNING: Unmatched cancel notification for request id 1717
2022.11.14 09:51:41 WARN  no build target for: D:\University - KCL (BSc - Computer Science)\Year 2\Programming (PEP)\Scala\Scala-Learning\Scala-Learning\Week 1\practical\practical_1.scala
2022.11.14 09:52:22 WARN  no build target for: D:\University - KCL (BSc - Computer Science)\Year 2\Programming (PEP)\Scala\Scala-Learning\Scala-Learning\Week 1\practical\practical_1.scala
2022.11.14 09:52:23 WARN  no build target for: D:\University - KCL (BSc - Computer Science)\Year 2\Programming (PEP)\Scala\Scala-Learning\Scala-Learning\Week 1\practical\practical_1.scala
2022.11.14 09:53:16 WARN  no build target for: D:\University - KCL (BSc - Computer Science)\Year 2\Programming (PEP)\Scala\Scala-Learning\Scala-Learning\Week 1\practical\practical_1.scala
2022.11.14 09:53:24 WARN  no build target for: D:\University - KCL (BSc - Computer Science)\Year 2\Programming (PEP)\Scala\Scala-Learning\Scala-Learning\Week 1\practical\practical_1.scala
2022.11.14 09:53:30 WARN  no build target for: D:\University - KCL (BSc - Computer Science)\Year 2\Programming (PEP)\Scala\Scala-Learning\Scala-Learning\Week 1\practical\practical_1.scala
2022.11.14 09:53:51 WARN  no build target for: D:\University - KCL (BSc - Computer Science)\Year 2\Programming (PEP)\Scala\Scala-Learning\Scala-Learning\Week 1\practical\practical_1.scala
Nov 14, 2022 9:53:55 AM org.eclipse.lsp4j.jsonrpc.RemoteEndpoint handleCancellation
WARNING: Unmatched cancel notification for request id 1964
2022.11.14 09:53:58 WARN  no build target for: D:\University - KCL (BSc - Computer Science)\Year 2\Programming (PEP)\Scala\Scala-Learning\Scala-Learning\Week 1\practical\practical_1.scala
2022.11.14 09:54:04 WARN  no build target for: D:\University - KCL (BSc - Computer Science)\Year 2\Programming (PEP)\Scala\Scala-Learning\Scala-Learning\Week 1\practical\practical_1.scala
2022.11.14 09:54:30 WARN  no build target for: D:\University - KCL (BSc - Computer Science)\Year 2\Programming (PEP)\Scala\Scala-Learning\Scala-Learning\Week 1\practical\practical_1.scala
2022.11.14 09:54:49 WARN  no build target for: D:\University - KCL (BSc - Computer Science)\Year 2\Programming (PEP)\Scala\Scala-Learning\Scala-Learning\Week 1\practical\practical_1.scala
2022.11.14 09:55:45 WARN  no build target for: D:\University - KCL (BSc - Computer Science)\Year 2\Programming (PEP)\Scala\Scala-Learning\Scala-Learning\Week 1\practical\practical_1.scala
2022.11.14 09:55:54 WARN  no build target for: D:\University - KCL (BSc - Computer Science)\Year 2\Programming (PEP)\Scala\Scala-Learning\Scala-Learning\Week 1\practical\practical_1.scala
2022.11.14 09:56:59 WARN  no build target for: D:\University - KCL (BSc - Computer Science)\Year 2\Programming (PEP)\Scala\Scala-Learning\Scala-Learning\Week 1\practical\practical_1.scala
2022.11.14 09:58:49 WARN  no build target for: D:\University - KCL (BSc - Computer Science)\Year 2\Programming (PEP)\Scala\Scala-Learning\Scala-Learning\Week 1\practical\practical_1.scala
2022.11.14 09:59:35 WARN  no build target for: D:\University - KCL (BSc - Computer Science)\Year 2\Programming (PEP)\Scala\Scala-Learning\Scala-Learning\Week 1\practical\practical_1.scala
2022.11.14 09:59:59 WARN  no build target for: D:\University - KCL (BSc - Computer Science)\Year 2\Programming (PEP)\Scala\Scala-Learning\Scala-Learning\Week 1\practical\practical_1.scala
2022.11.14 10:00:21 WARN  no build target for: D:\University - KCL (BSc - Computer Science)\Year 2\Programming (PEP)\Scala\Scala-Learning\Scala-Learning\Week 1\practical\practical_1.scala
2022.11.14 10:01:25 WARN  no build target for: D:\University - KCL (BSc - Computer Science)\Year 2\Programming (PEP)\Scala\Scala-Learning\Scala-Learning\Week 1\practical\practical_1.scala
2022.11.14 10:02:02 WARN  no build target for: D:\University - KCL (BSc - Computer Science)\Year 2\Programming (PEP)\Scala\Scala-Learning\Scala-Learning\Week 1\practical\practical_1.scala
2022.11.14 10:02:33 WARN  no build target for: D:\University - KCL (BSc - Computer Science)\Year 2\Programming (PEP)\Scala\Scala-Learning\Scala-Learning\Week 1\practical\practical_1.scala
2022.11.14 10:03:23 WARN  no build target for: D:\University - KCL (BSc - Computer Science)\Year 2\Programming (PEP)\Scala\Scala-Learning\Scala-Learning\Week 1\practical\practical_1.scala
2022.11.14 10:03:30 WARN  no build target for: D:\University - KCL (BSc - Computer Science)\Year 2\Programming (PEP)\Scala\Scala-Learning\Scala-Learning\Week 1\practical\practical_1.scala
2022.11.14 10:04:10 WARN  no build target for: D:\University - KCL (BSc - Computer Science)\Year 2\Programming (PEP)\Scala\Scala-Learning\Scala-Learning\Week 1\practical\practical_1.scala
2022.11.14 10:04:11 WARN  no build target for: D:\University - KCL (BSc - Computer Science)\Year 2\Programming (PEP)\Scala\Scala-Learning\Scala-Learning\Week 1\practical\practical_1.scala
2022.11.14 10:04:56 WARN  no build target for: D:\University - KCL (BSc - Computer Science)\Year 2\Programming (PEP)\Scala\Scala-Learning\Scala-Learning\Week 1\practical\practical_1.scala
2022.11.14 10:05:45 WARN  no build target for: D:\University - KCL (BSc - Computer Science)\Year 2\Programming (PEP)\Scala\Scala-Learning\Scala-Learning\Week 1\practical\practical_1.scala
Nov 14, 2022 10:05:49 AM org.eclipse.lsp4j.jsonrpc.RemoteEndpoint handleCancellation
WARNING: Unmatched cancel notification for request id 2843
Nov 14, 2022 10:06:11 AM org.eclipse.lsp4j.jsonrpc.RemoteEndpoint handleCancellation
WARNING: Unmatched cancel notification for request id 2926
2022.11.14 10:06:58 WARN  no build target for: D:\University - KCL (BSc - Computer Science)\Year 2\Programming (PEP)\Scala\Scala-Learning\Scala-Learning\Week 1\practical\practical_1.scala
2022.11.14 10:07:08 WARN  no build target for: D:\University - KCL (BSc - Computer Science)\Year 2\Programming (PEP)\Scala\Scala-Learning\Scala-Learning\Week 1\practical\practical_1.scala
2022.11.14 10:08:22 WARN  no build target for: D:\University - KCL (BSc - Computer Science)\Year 2\Programming (PEP)\Scala\Scala-Learning\Scala-Learning\Week 1\practical\practical_1.scala
2022.11.14 10:08:53 WARN  no build target for: D:\University - KCL (BSc - Computer Science)\Year 2\Programming (PEP)\Scala\Scala-Learning\Scala-Learning\Week 1\practical\practical_1.scala
2022.11.14 10:09:06 WARN  no build target for: D:\University - KCL (BSc - Computer Science)\Year 2\Programming (PEP)\Scala\Scala-Learning\Scala-Learning\Week 1\practical\practical_1.scala
2022.11.14 10:09:26 WARN  no build target for: D:\University - KCL (BSc - Computer Science)\Year 2\Programming (PEP)\Scala\Scala-Learning\Scala-Learning\Week 1\practical\practical_1.scala
2022.11.14 10:09:32 WARN  no build target for: D:\University - KCL (BSc - Computer Science)\Year 2\Programming (PEP)\Scala\Scala-Learning\Scala-Learning\Week 1\practical\practical_1.scala
2022.11.14 10:09:45 WARN  no build target for: D:\University - KCL (BSc - Computer Science)\Year 2\Programming (PEP)\Scala\Scala-Learning\Scala-Learning\Week 1\practical\practical_1.scala
2022.11.14 10:09:54 WARN  no build target for: D:\University - KCL (BSc - Computer Science)\Year 2\Programming (PEP)\Scala\Scala-Learning\Scala-Learning\Week 1\practical\practical_1.scala
2022.11.14 10:11:38 WARN  no build target for: D:\University - KCL (BSc - Computer Science)\Year 2\Programming (PEP)\Scala\Scala-Learning\Scala-Learning\Week 1\practical\practical_1.scala
2022.11.14 10:11:45 WARN  no build target for: D:\University - KCL (BSc - Computer Science)\Year 2\Programming (PEP)\Scala\Scala-Learning\Scala-Learning\Week 1\practical\practical_1.scala
2022.11.14 10:16:48 WARN  no build target for: D:\University - KCL (BSc - Computer Science)\Year 2\Programming (PEP)\Scala\Scala-Learning\Scala-Learning\Week 1\practical\practical_1.scala
2022.11.14 10:17:24 WARN  no build target for: D:\University - KCL (BSc - Computer Science)\Year 2\Programming (PEP)\Scala\Scala-Learning\Scala-Learning\Week 1\practical\practical_1.scala
2022.11.14 10:17:41 WARN  no build target for: D:\University - KCL (BSc - Computer Science)\Year 2\Programming (PEP)\Scala\Scala-Learning\Scala-Learning\Week 1\practical\practical_1.scala
2022.11.14 10:18:38 WARN  no build target for: D:\University - KCL (BSc - Computer Science)\Year 2\Programming (PEP)\Scala\Scala-Learning\Scala-Learning\Week 1\practical\practical_1.scala
2022.11.14 10:18:52 WARN  no build target for: D:\University - KCL (BSc - Computer Science)\Year 2\Programming (PEP)\Scala\Scala-Learning\Scala-Learning\Week 1\practical\practical_1.scala
2022.11.14 10:19:16 WARN  no build target for: D:\University - KCL (BSc - Computer Science)\Year 2\Programming (PEP)\Scala\Scala-Learning\Scala-Learning\Week 1\practical\practical_1.scala
2022.11.14 10:19:28 WARN  no build target for: D:\University - KCL (BSc - Computer Science)\Year 2\Programming (PEP)\Scala\Scala-Learning\Scala-Learning\Week 1\practical\practical_1.scala
2022.11.14 10:19:34 WARN  no build target for: D:\University - KCL (BSc - Computer Science)\Year 2\Programming (PEP)\Scala\Scala-Learning\Scala-Learning\Week 1\practical\practical_1.scala
2022.11.14 10:19:50 WARN  no build target for: D:\University - KCL (BSc - Computer Science)\Year 2\Programming (PEP)\Scala\Scala-Learning\Scala-Learning\Week 1\practical\practical_1.scala
2022.11.14 10:20:12 WARN  no build target for: D:\University - KCL (BSc - Computer Science)\Year 2\Programming (PEP)\Scala\Scala-Learning\Scala-Learning\Week 1\practical\practical_1.scala
2022.11.14 10:20:33 WARN  no build target for: D:\University - KCL (BSc - Computer Science)\Year 2\Programming (PEP)\Scala\Scala-Learning\Scala-Learning\Week 1\practical\practical_1.scala
2022.11.14 10:21:15 WARN  no build target for: D:\University - KCL (BSc - Computer Science)\Year 2\Programming (PEP)\Scala\Scala-Learning\Scala-Learning\Week 1\practical\practical_1.scala
2022.11.14 10:21:29 WARN  no build target for: D:\University - KCL (BSc - Computer Science)\Year 2\Programming (PEP)\Scala\Scala-Learning\Scala-Learning\Week 1\practical\practical_1.scala
2022.11.14 10:23:41 WARN  no build target for: D:\University - KCL (BSc - Computer Science)\Year 2\Programming (PEP)\Scala\Scala-Learning\Scala-Learning\Week 1\practical\practical_1.scala
2022.11.14 10:24:28 WARN  no build target for: D:\University - KCL (BSc - Computer Science)\Year 2\Programming (PEP)\Scala\Scala-Learning\Scala-Learning\Week 2\for_comprehensions.scala
2022.11.14 10:24:52 WARN  no build target for: D:\University - KCL (BSc - Computer Science)\Year 2\Programming (PEP)\Scala\Scala-Learning\Scala-Learning\Week 1\practical\practical_1.scala
2022.11.14 10:26:16 WARN  no build target for: D:\University - KCL (BSc - Computer Science)\Year 2\Programming (PEP)\Scala\Scala-Learning\Scala-Learning\Week 1\practical\practical_1.scala
2022.11.14 10:26:18 WARN  no build target for: D:\University - KCL (BSc - Computer Science)\Year 2\Programming (PEP)\Scala\Scala-Learning\Scala-Learning\Week 1\practical\practical_1.scala
Nov 14, 2022 10:26:25 AM org.eclipse.lsp4j.jsonrpc.RemoteEndpoint handleCancellation
WARNING: Unmatched cancel notification for request id 4463
2022.11.14 10:26:28 WARN  no build target for: D:\University - KCL (BSc - Computer Science)\Year 2\Programming (PEP)\Scala\Scala-Learning\Scala-Learning\Week 1\practical\practical_1.scala
2022.11.14 10:30:39 WARN  no build target for: D:\University - KCL (BSc - Computer Science)\Year 2\Programming (PEP)\Scala\Scala-Learning\Scala-Learning\Week 1\practical\practical_1.scala
2022.11.14 10:30:52 WARN  no build target for: D:\University - KCL (BSc - Computer Science)\Year 2\Programming (PEP)\Scala\Scala-Learning\Scala-Learning\Week 1\practical\practical_1.scala
2022.11.14 10:31:02 WARN  no build target for: D:\University - KCL (BSc - Computer Science)\Year 2\Programming (PEP)\Scala\Scala-Learning\Scala-Learning\Week 1\practical\practical_1.scala
2022.11.14 10:32:28 WARN  no build target for: D:\University - KCL (BSc - Computer Science)\Year 2\Programming (PEP)\Scala\Scala-Learning\Scala-Learning\Week 1\practical\practical_1.scala
2022.11.14 10:33:45 WARN  no build target for: D:\University - KCL (BSc - Computer Science)\Year 2\Programming (PEP)\Scala\Scala-Learning\Scala-Learning\Week 1\practical\practical_1.scala
2022.11.14 10:33:50 WARN  no build target for: D:\University - KCL (BSc - Computer Science)\Year 2\Programming (PEP)\Scala\Scala-Learning\Scala-Learning\Week 1\practical\practical_1.scala
2022.11.14 10:33:55 WARN  no build target for: D:\University - KCL (BSc - Computer Science)\Year 2\Programming (PEP)\Scala\Scala-Learning\Scala-Learning\Week 1\practical\practical_1.scala
2022.11.14 10:33:55 WARN  no build target for: D:\University - KCL (BSc - Computer Science)\Year 2\Programming (PEP)\Scala\Scala-Learning\Scala-Learning\Week 1\practical\practical_1.scala
2022.11.14 10:34:06 WARN  no build target for: D:\University - KCL (BSc - Computer Science)\Year 2\Programming (PEP)\Scala\Scala-Learning\Scala-Learning\Week 1\practical\practical_1.scala
2022.11.14 10:34:26 WARN  no build target for: D:\University - KCL (BSc - Computer Science)\Year 2\Programming (PEP)\Scala\Scala-Learning\Scala-Learning\Week 1\practical\practical_1.scala
2022.11.14 10:35:11 WARN  no build target for: D:\University - KCL (BSc - Computer Science)\Year 2\Programming (PEP)\Scala\Scala-Learning\Scala-Learning\Week 1\practical\practical_1.scala
2022.11.14 10:35:37 WARN  no build target for: D:\University - KCL (BSc - Computer Science)\Year 2\Programming (PEP)\Scala\Scala-Learning\Scala-Learning\Week 1\practical\practical_1.scala
2022.11.14 10:36:49 WARN  no build target for: D:\University - KCL (BSc - Computer Science)\Year 2\Programming (PEP)\Scala\Scala-Learning\Scala-Learning\Week 1\practical\practical_1.scala
2022.11.14 10:36:52 WARN  no build target for: D:\University - KCL (BSc - Computer Science)\Year 2\Programming (PEP)\Scala\Scala-Learning\Scala-Learning\Week 1\practical\practical_1.scala
2022.11.14 10:37:10 WARN  no build target for: D:\University - KCL (BSc - Computer Science)\Year 2\Programming (PEP)\Scala\Scala-Learning\Scala-Learning\Week 1\practical\practical_1.scala
2022.11.14 10:37:32 WARN  no build target for: D:\University - KCL (BSc - Computer Science)\Year 2\Programming (PEP)\Scala\Scala-Learning\Scala-Learning\Week 1\practical\practical_1.scala
Nov 14, 2022 10:38:33 AM scala.meta.internal.pc.CompilerAccess handleError
SEVERE: NoDenotation.owner
java.lang.AssertionError: NoDenotation.owner
	at dotty.tools.dotc.core.SymDenotations$NoDenotation$.owner(SymDenotations.scala:2499)
	at scala.meta.internal.pc.PcDocumentHighlightProvider$.isForComprehensionOwner$1(PcDocumentHighlightProvider.scala:163)
	at scala.meta.internal.pc.PcDocumentHighlightProvider$.collectNames$1(PcDocumentHighlightProvider.scala:178)
	at scala.meta.internal.pc.PcDocumentHighlightProvider$.$anonfun$4(PcDocumentHighlightProvider.scala:275)
	at dotty.tools.dotc.ast.Trees$Instance$DeepFolder.apply(Trees.scala:1669)
	at dotty.tools.dotc.ast.Trees$Instance$TreeAccumulator.foldOver(Trees.scala:1619)
	at dotty.tools.dotc.ast.Trees$Instance$DeepFolder.apply(Trees.scala:1669)
	at dotty.tools.dotc.ast.Trees$Instance$TreeAccumulator.fold$1(Trees.scala:1535)
	at dotty.tools.dotc.ast.Trees$Instance$TreeAccumulator.apply(Trees.scala:1537)
	at dotty.tools.dotc.ast.Trees$Instance$TreeAccumulator.foldOver$$anonfun$1(Trees.scala:1623)
	at scala.collection.LinearSeqOps.foldLeft(LinearSeq.scala:183)
	at scala.collection.LinearSeqOps.foldLeft$(LinearSeq.scala:179)
	at scala.collection.immutable.List.foldLeft(List.scala:79)
	at dotty.tools.dotc.ast.Trees$Instance$TreeAccumulator.foldOver(Trees.scala:1623)
	at dotty.tools.dotc.ast.Trees$Instance$DeepFolder.apply(Trees.scala:1669)
	at dotty.tools.dotc.ast.Trees$Instance$TreeAccumulator.fold$1(Trees.scala:1535)
	at dotty.tools.dotc.ast.Trees$Instance$TreeAccumulator.apply(Trees.scala:1537)
	at dotty.tools.dotc.ast.Trees$Instance$TreeAccumulator.foldOver(Trees.scala:1630)
	at dotty.tools.dotc.ast.Trees$Instance$DeepFolder.apply(Trees.scala:1669)
	at dotty.tools.dotc.ast.Trees$Instance$TreeAccumulator.foldOver(Trees.scala:1627)
	at dotty.tools.dotc.ast.Trees$Instance$DeepFolder.apply(Trees.scala:1669)
	at dotty.tools.dotc.ast.Trees$Instance$TreeAccumulator.fold$1(Trees.scala:1535)
	at dotty.tools.dotc.ast.Trees$Instance$TreeAccumulator.apply(Trees.scala:1537)
	at dotty.tools.dotc.ast.Trees$Instance$TreeAccumulator.foldOver(Trees.scala:1636)
	at dotty.tools.dotc.ast.Trees$Instance$TreeAccumulator.foldOver(Trees.scala:1541)
	at dotty.tools.dotc.ast.Trees$Instance$DeepFolder.apply(Trees.scala:1669)
	at scala.meta.internal.pc.PcDocumentHighlightProvider$.highlights(PcDocumentHighlightProvider.scala:276)

2022.11.14 10:38:35 WARN  no build target for: D:\University - KCL (BSc - Computer Science)\Year 2\Programming (PEP)\Scala\Scala-Learning\Scala-Learning\Week 1\practical\practical_1.scala
2022.11.14 10:38:48 WARN  no build target for: D:\University - KCL (BSc - Computer Science)\Year 2\Programming (PEP)\Scala\Scala-Learning\Scala-Learning\Week 1\practical\practical_1.scala
Nov 14, 2022 10:38:51 AM org.eclipse.lsp4j.jsonrpc.RemoteEndpoint handleCancellation
WARNING: Unmatched cancel notification for request id 5305
2022.11.14 10:39:56 WARN  no build target for: D:\University - KCL (BSc - Computer Science)\Year 2\Programming (PEP)\Scala\Scala-Learning\Scala-Learning\Week 1\practical\practical_1.scala
2022.11.14 10:39:59 WARN  no build target for: D:\University - KCL (BSc - Computer Science)\Year 2\Programming (PEP)\Scala\Scala-Learning\Scala-Learning\Week 1\practical\practical_1.scala
2022.11.14 10:40:11 WARN  no build target for: D:\University - KCL (BSc - Computer Science)\Year 2\Programming (PEP)\Scala\Scala-Learning\Scala-Learning\Week 1\practical\practical_1.scala
2022.11.14 10:40:15 WARN  no build target for: D:\University - KCL (BSc - Computer Science)\Year 2\Programming (PEP)\Scala\Scala-Learning\Scala-Learning\Week 1\practical\practical_1.scala
2022.11.14 10:40:34 WARN  no build target for: D:\University - KCL (BSc - Computer Science)\Year 2\Programming (PEP)\Re-sit\PEP-Resit\Scala\wordle.scala
Nov 14, 2022 10:40:34 AM org.eclipse.lsp4j.jsonrpc.RemoteEndpoint handleCancellation
WARNING: Unmatched cancel notification for request id 5459
2022.11.14 10:41:13 WARN  no build target for: D:\University - KCL (BSc - Computer Science)\Year 2\Programming (PEP)\Scala\Scala-Learning\Scala-Learning\Week 1\practical\practical_1.scala
2022.11.14 10:41:34 WARN  no build target for: D:\University - KCL (BSc - Computer Science)\Year 2\Programming (PEP)\Scala\Scala-Learning\Scala-Learning\Week 1\practical\practical_1.scala
Nov 14, 2022 10:42:10 AM org.eclipse.lsp4j.jsonrpc.RemoteEndpoint handleCancellation
WARNING: Unmatched cancel notification for request id 5651
2022.11.14 10:42:12 WARN  no build target for: D:\University - KCL (BSc - Computer Science)\Year 2\Programming (PEP)\Scala\Scala-Learning\Scala-Learning\Week 1\practical\practical_1.scala
Exception in thread "pool-3-thread-1" java.lang.InterruptedException
	at scala.meta.internal.metals.FutureCancelToken.checkCanceled(FutureCancelToken.scala:29)
	at scala.meta.internal.pc.CompilerAccess.onCompilerJobQueue$$anonfun$1(CompilerAccess.scala:195)
	at scala.meta.internal.pc.CompilerJobQueue$Job.run(CompilerJobQueue.scala:152)
	at java.base/java.util.concurrent.ThreadPoolExecutor.runWorker(ThreadPoolExecutor.java:1136)
	at java.base/java.util.concurrent.ThreadPoolExecutor$Worker.run(ThreadPoolExecutor.java:635)
	at java.base/java.lang.Thread.run(Thread.java:833)
2022.11.14 10:42:16 WARN  no build target for: D:\University - KCL (BSc - Computer Science)\Year 2\Programming (PEP)\Scala\Scala-Learning\Scala-Learning\Week 1\practical\practical_1.scala
Nov 14, 2022 10:51:56 AM org.eclipse.lsp4j.jsonrpc.RemoteEndpoint handleCancellation
WARNING: Unmatched cancel notification for request id 5723
2022.11.14 10:52:01 WARN  no build target for: D:\University - KCL (BSc - Computer Science)\Year 2\Programming (PEP)\Scala\Scala-Learning\Scala-Learning\Week 1\practical\practical_1.scala
2022.11.14 10:52:22 WARN  no build target for: D:\University - KCL (BSc - Computer Science)\Year 2\Programming (PEP)\Scala\Scala-Learning\Scala-Learning\Week 1\practical\practical_1.scala
2022.11.14 10:52:44 WARN  no build target for: D:\University - KCL (BSc - Computer Science)\Year 2\Programming (PEP)\Scala\Scala-Learning\Scala-Learning\Week 1\practical\practical_1.scala
2022.11.14 10:53:44 WARN  no build target for: D:\University - KCL (BSc - Computer Science)\Year 2\Programming (PEP)\Scala\Scala-Learning\Scala-Learning\Week 1\practical\practical_1.scala
2022.11.14 10:55:11 ERROR text document: file:///c:/Users/ivan0/AppData/Local/Microsoft/Windows/INetCache/IE/RX6YZ0I3/wsh01%5B1%5D.scalajava.nio.file.NoSuchFileException: c:\Users\ivan0\AppData\Local\Microsoft\Windows\INetCache\IE\RX6YZ0I3\wsh01[1].scala
	at sun.nio.fs.WindowsException.translateToIOException(WindowsException.java:85)
	at sun.nio.fs.WindowsException.rethrowAsIOException(WindowsException.java:103)
	at sun.nio.fs.WindowsException.rethrowAsIOException(WindowsException.java:108)
	at sun.nio.fs.WindowsFileSystemProvider.newByteChannel(WindowsFileSystemProvider.java:236)
	at java.nio.file.Files.newByteChannel(Files.java:380)
	at java.nio.file.Files.newByteChannel(Files.java:432)
	at java.nio.file.Files.readAllBytes(Files.java:3288)
	at scala.meta.internal.io.PlatformFileIO$.slurp(PlatformFileIO.scala:45)
	at scala.meta.internal.io.FileIO$.slurp(FileIO.scala:24)
	at scala.meta.internal.metals.InteractiveSemanticdbs.$anonfun$textDocument$2(InteractiveSemanticdbs.scala:90)
	at scala.Option.getOrElse(Option.scala:201)
	at scala.meta.internal.metals.InteractiveSemanticdbs.$anonfun$textDocument$1(InteractiveSemanticdbs.scala:90)
	at java.util.HashMap.compute(HashMap.java:1316)
	at java.util.Collections$SynchronizedMap.compute(Collections.java:2770)
	at scala.meta.internal.metals.InteractiveSemanticdbs.textDocument(InteractiveSemanticdbs.scala:89)
	at scala.meta.internal.metals.InteractiveSemanticdbs.textDocument(InteractiveSemanticdbs.scala:63)
	at scala.meta.internal.metals.AggregateSemanticdbs.loop$1(AggregateSemanticdbs.scala:30)
	at scala.meta.internal.metals.AggregateSemanticdbs.textDocument(AggregateSemanticdbs.scala:36)
	at scala.meta.internal.metals.CodeLensProvider.findLenses(CodeLensProvider.scala:22)
	at scala.meta.internal.metals.MetalsLanguageServer.$anonfun$codeLens$2(MetalsLanguageServer.scala:1744)
	at scala.meta.internal.metals.TimerProvider.timedThunk(TimerProvider.scala:25)
	at scala.meta.internal.metals.MetalsLanguageServer.$anonfun$codeLens$1(MetalsLanguageServer.scala:1742)
	at scala.meta.internal.metals.CancelTokens$.$anonfun$apply$2(CancelTokens.scala:26)
	at scala.concurrent.Future$.$anonfun$apply$1(Future.scala:678)
	at scala.concurrent.impl.Promise$Transformation.run(Promise.scala:467)
	at java.util.concurrent.ThreadPoolExecutor.runWorker(ThreadPoolExecutor.java:1136)
	at java.util.concurrent.ThreadPoolExecutor$Worker.run(ThreadPoolExecutor.java:635)
	at java.lang.Thread.run(Thread.java:833)

2022.11.14 10:56:58 ERROR text document: file:///c:/Users/ivan0/AppData/Local/Microsoft/Windows/INetCache/IE/RX6YZ0I3/wsh01%5B1%5D.scalajava.nio.file.NoSuchFileException: c:\Users\ivan0\AppData\Local\Microsoft\Windows\INetCache\IE\RX6YZ0I3\wsh01[1].scala
	at sun.nio.fs.WindowsException.translateToIOException(WindowsException.java:85)
	at sun.nio.fs.WindowsException.rethrowAsIOException(WindowsException.java:103)
	at sun.nio.fs.WindowsException.rethrowAsIOException(WindowsException.java:108)
	at sun.nio.fs.WindowsFileSystemProvider.newByteChannel(WindowsFileSystemProvider.java:236)
	at java.nio.file.Files.newByteChannel(Files.java:380)
	at java.nio.file.Files.newByteChannel(Files.java:432)
	at java.nio.file.Files.readAllBytes(Files.java:3288)
	at scala.meta.internal.io.PlatformFileIO$.slurp(PlatformFileIO.scala:45)
	at scala.meta.internal.io.FileIO$.slurp(FileIO.scala:24)
	at scala.meta.internal.metals.InteractiveSemanticdbs.$anonfun$textDocument$2(InteractiveSemanticdbs.scala:90)
	at scala.Option.getOrElse(Option.scala:201)
	at scala.meta.internal.metals.InteractiveSemanticdbs.$anonfun$textDocument$1(InteractiveSemanticdbs.scala:90)
	at java.util.HashMap.compute(HashMap.java:1316)
	at java.util.Collections$SynchronizedMap.compute(Collections.java:2770)
	at scala.meta.internal.metals.InteractiveSemanticdbs.textDocument(InteractiveSemanticdbs.scala:89)
	at scala.meta.internal.metals.InteractiveSemanticdbs.textDocument(InteractiveSemanticdbs.scala:63)
	at scala.meta.internal.metals.AggregateSemanticdbs.loop$1(AggregateSemanticdbs.scala:30)
	at scala.meta.internal.metals.AggregateSemanticdbs.textDocument(AggregateSemanticdbs.scala:36)
	at scala.meta.internal.metals.CodeLensProvider.findLenses(CodeLensProvider.scala:22)
	at scala.meta.internal.metals.MetalsLanguageServer.$anonfun$codeLens$2(MetalsLanguageServer.scala:1744)
	at scala.meta.internal.metals.TimerProvider.timedThunk(TimerProvider.scala:25)
	at scala.meta.internal.metals.MetalsLanguageServer.$anonfun$codeLens$1(MetalsLanguageServer.scala:1742)
	at scala.meta.internal.metals.CancelTokens$.$anonfun$apply$2(CancelTokens.scala:26)
	at scala.concurrent.Future$.$anonfun$apply$1(Future.scala:678)
	at scala.concurrent.impl.Promise$Transformation.run(Promise.scala:467)
	at java.util.concurrent.ThreadPoolExecutor.runWorker(ThreadPoolExecutor.java:1136)
	at java.util.concurrent.ThreadPoolExecutor$Worker.run(ThreadPoolExecutor.java:635)
	at java.lang.Thread.run(Thread.java:833)

2022.11.14 10:57:38 WARN  no build target for: D:\University - KCL (BSc - Computer Science)\Year 2\Programming (PEP)\Scala\Scala-Learning\Scala-Learning\Week 1\practical\practical_1.scala
2022.11.14 10:58:10 ERROR text document: file:///c:/Users/ivan0/AppData/Local/Microsoft/Windows/INetCache/IE/RX6YZ0I3/wsh01%5B1%5D.scalajava.nio.file.NoSuchFileException: c:\Users\ivan0\AppData\Local\Microsoft\Windows\INetCache\IE\RX6YZ0I3\wsh01[1].scala
	at sun.nio.fs.WindowsException.translateToIOException(WindowsException.java:85)
	at sun.nio.fs.WindowsException.rethrowAsIOException(WindowsException.java:103)
	at sun.nio.fs.WindowsException.rethrowAsIOException(WindowsException.java:108)
	at sun.nio.fs.WindowsFileSystemProvider.newByteChannel(WindowsFileSystemProvider.java:236)
	at java.nio.file.Files.newByteChannel(Files.java:380)
	at java.nio.file.Files.newByteChannel(Files.java:432)
	at java.nio.file.Files.readAllBytes(Files.java:3288)
	at scala.meta.internal.io.PlatformFileIO$.slurp(PlatformFileIO.scala:45)
	at scala.meta.internal.io.FileIO$.slurp(FileIO.scala:24)
	at scala.meta.internal.metals.InteractiveSemanticdbs.$anonfun$textDocument$2(InteractiveSemanticdbs.scala:90)
	at scala.Option.getOrElse(Option.scala:201)
	at scala.meta.internal.metals.InteractiveSemanticdbs.$anonfun$textDocument$1(InteractiveSemanticdbs.scala:90)
	at java.util.HashMap.compute(HashMap.java:1316)
	at java.util.Collections$SynchronizedMap.compute(Collections.java:2770)
	at scala.meta.internal.metals.InteractiveSemanticdbs.textDocument(InteractiveSemanticdbs.scala:89)
	at scala.meta.internal.metals.InteractiveSemanticdbs.textDocument(InteractiveSemanticdbs.scala:63)
	at scala.meta.internal.metals.AggregateSemanticdbs.loop$1(AggregateSemanticdbs.scala:30)
	at scala.meta.internal.metals.AggregateSemanticdbs.textDocument(AggregateSemanticdbs.scala:36)
	at scala.meta.internal.metals.CodeLensProvider.findLenses(CodeLensProvider.scala:22)
	at scala.meta.internal.metals.MetalsLanguageServer.$anonfun$codeLens$2(MetalsLanguageServer.scala:1744)
	at scala.meta.internal.metals.TimerProvider.timedThunk(TimerProvider.scala:25)
	at scala.meta.internal.metals.MetalsLanguageServer.$anonfun$codeLens$1(MetalsLanguageServer.scala:1742)
	at scala.meta.internal.metals.CancelTokens$.$anonfun$apply$2(CancelTokens.scala:26)
	at scala.concurrent.Future$.$anonfun$apply$1(Future.scala:678)
	at scala.concurrent.impl.Promise$Transformation.run(Promise.scala:467)
	at java.util.concurrent.ThreadPoolExecutor.runWorker(ThreadPoolExecutor.java:1136)
	at java.util.concurrent.ThreadPoolExecutor$Worker.run(ThreadPoolExecutor.java:635)
	at java.lang.Thread.run(Thread.java:833)

2022.11.14 10:58:12 ERROR text document: file:///c:/Users/ivan0/AppData/Local/Microsoft/Windows/INetCache/IE/RX6YZ0I3/wsh01%5B1%5D.scalajava.nio.file.NoSuchFileException: c:\Users\ivan0\AppData\Local\Microsoft\Windows\INetCache\IE\RX6YZ0I3\wsh01[1].scala
	at sun.nio.fs.WindowsException.translateToIOException(WindowsException.java:85)
	at sun.nio.fs.WindowsException.rethrowAsIOException(WindowsException.java:103)
	at sun.nio.fs.WindowsException.rethrowAsIOException(WindowsException.java:108)
	at sun.nio.fs.WindowsFileSystemProvider.newByteChannel(WindowsFileSystemProvider.java:236)
	at java.nio.file.Files.newByteChannel(Files.java:380)
	at java.nio.file.Files.newByteChannel(Files.java:432)
	at java.nio.file.Files.readAllBytes(Files.java:3288)
	at scala.meta.internal.io.PlatformFileIO$.slurp(PlatformFileIO.scala:45)
	at scala.meta.internal.io.FileIO$.slurp(FileIO.scala:24)
	at scala.meta.internal.metals.InteractiveSemanticdbs.$anonfun$textDocument$2(InteractiveSemanticdbs.scala:90)
	at scala.Option.getOrElse(Option.scala:201)
	at scala.meta.internal.metals.InteractiveSemanticdbs.$anonfun$textDocument$1(InteractiveSemanticdbs.scala:90)
	at java.util.HashMap.compute(HashMap.java:1316)
	at java.util.Collections$SynchronizedMap.compute(Collections.java:2770)
	at scala.meta.internal.metals.InteractiveSemanticdbs.textDocument(InteractiveSemanticdbs.scala:89)
	at scala.meta.internal.metals.InteractiveSemanticdbs.textDocument(InteractiveSemanticdbs.scala:63)
	at scala.meta.internal.metals.AggregateSemanticdbs.loop$1(AggregateSemanticdbs.scala:30)
	at scala.meta.internal.metals.AggregateSemanticdbs.textDocument(AggregateSemanticdbs.scala:36)
	at scala.meta.internal.metals.CodeLensProvider.findLenses(CodeLensProvider.scala:22)
	at scala.meta.internal.metals.MetalsLanguageServer.$anonfun$codeLens$2(MetalsLanguageServer.scala:1744)
	at scala.meta.internal.metals.TimerProvider.timedThunk(TimerProvider.scala:25)
	at scala.meta.internal.metals.MetalsLanguageServer.$anonfun$codeLens$1(MetalsLanguageServer.scala:1742)
	at scala.meta.internal.metals.CancelTokens$.$anonfun$apply$2(CancelTokens.scala:26)
	at scala.concurrent.Future$.$anonfun$apply$1(Future.scala:678)
	at scala.concurrent.impl.Promise$Transformation.run(Promise.scala:467)
	at java.util.concurrent.ThreadPoolExecutor.runWorker(ThreadPoolExecutor.java:1136)
	at java.util.concurrent.ThreadPoolExecutor$Worker.run(ThreadPoolExecutor.java:635)
	at java.lang.Thread.run(Thread.java:833)

2022.11.14 10:58:28 WARN  no build target for: D:\University - KCL (BSc - Computer Science)\Year 2\Programming (PEP)\Scala\Scala-Learning\Scala-Learning\Week 1\practical\practical_1.scala
2022.11.14 10:59:03 WARN  no build target for: D:\University - KCL (BSc - Computer Science)\Year 2\Programming (PEP)\Scala\Scala-Learning\Scala-Learning\Week 1\practical\practical_1.scala
2022.11.14 10:59:09 WARN  no build target for: D:\University - KCL (BSc - Computer Science)\Year 2\Programming (PEP)\Scala\Scala-Learning\Scala-Learning\Week 1\practical\practical_1.scala
2022.11.14 10:59:28 WARN  no build target for: D:\University - KCL (BSc - Computer Science)\Year 2\Programming (PEP)\Scala\Scala-Learning\Scala-Learning\Week 1\practical\practical_1.scala
2022.11.14 10:59:38 WARN  no build target for: D:\University - KCL (BSc - Computer Science)\Year 2\Programming (PEP)\Scala\Scala-Learning\Scala-Learning\Week 1\practical\practical_1.scala
2022.11.14 11:00:07 WARN  no build target for: D:\University - KCL (BSc - Computer Science)\Year 2\Programming (PEP)\Scala\Scala-Learning\Scala-Learning\Week 1\practical\practical_1.scala
2022.11.14 11:00:10 WARN  no build target for: D:\University - KCL (BSc - Computer Science)\Year 2\Programming (PEP)\Scala\Scala-Learning\Scala-Learning\Week 1\practical\practical_1.scala
2022.11.14 11:00:36 WARN  no build target for: D:\University - KCL (BSc - Computer Science)\Year 2\Programming (PEP)\Scala\Scala-Learning\Scala-Learning\Week 1\practical\practical_1.scala
2022.11.14 11:00:47 WARN  no build target for: D:\University - KCL (BSc - Computer Science)\Year 2\Programming (PEP)\Scala\Scala-Learning\Scala-Learning\Week 1\practical\practical_1.scala
2022.11.14 11:01:09 WARN  no build target for: D:\University - KCL (BSc - Computer Science)\Year 2\Programming (PEP)\Scala\Scala-Learning\Scala-Learning\Week 1\practical\practical_1.scala
2022.11.14 11:02:03 WARN  no build target for: D:\University - KCL (BSc - Computer Science)\Year 2\Programming (PEP)\Scala\Scala-Learning\Scala-Learning\Week 1\practical\practical_1.scala
2022.11.14 11:02:07 WARN  no build target for: D:\University - KCL (BSc - Computer Science)\Year 2\Programming (PEP)\Scala\Scala-Learning\Scala-Learning\Week 1\practical\practical_1.scala
2022.11.14 11:02:56 ERROR text document: file:///c:/Users/ivan0/AppData/Local/Microsoft/Windows/INetCache/IE/RX6YZ0I3/wsh01%5B1%5D.scalajava.nio.file.NoSuchFileException: c:\Users\ivan0\AppData\Local\Microsoft\Windows\INetCache\IE\RX6YZ0I3\wsh01[1].scala
	at sun.nio.fs.WindowsException.translateToIOException(WindowsException.java:85)
	at sun.nio.fs.WindowsException.rethrowAsIOException(WindowsException.java:103)
	at sun.nio.fs.WindowsException.rethrowAsIOException(WindowsException.java:108)
	at sun.nio.fs.WindowsFileSystemProvider.newByteChannel(WindowsFileSystemProvider.java:236)
	at java.nio.file.Files.newByteChannel(Files.java:380)
	at java.nio.file.Files.newByteChannel(Files.java:432)
	at java.nio.file.Files.readAllBytes(Files.java:3288)
	at scala.meta.internal.io.PlatformFileIO$.slurp(PlatformFileIO.scala:45)
	at scala.meta.internal.io.FileIO$.slurp(FileIO.scala:24)
	at scala.meta.internal.metals.InteractiveSemanticdbs.$anonfun$textDocument$2(InteractiveSemanticdbs.scala:90)
	at scala.Option.getOrElse(Option.scala:201)
	at scala.meta.internal.metals.InteractiveSemanticdbs.$anonfun$textDocument$1(InteractiveSemanticdbs.scala:90)
	at java.util.HashMap.compute(HashMap.java:1316)
	at java.util.Collections$SynchronizedMap.compute(Collections.java:2770)
	at scala.meta.internal.metals.InteractiveSemanticdbs.textDocument(InteractiveSemanticdbs.scala:89)
	at scala.meta.internal.metals.InteractiveSemanticdbs.textDocument(InteractiveSemanticdbs.scala:63)
	at scala.meta.internal.metals.AggregateSemanticdbs.loop$1(AggregateSemanticdbs.scala:30)
	at scala.meta.internal.metals.AggregateSemanticdbs.textDocument(AggregateSemanticdbs.scala:36)
	at scala.meta.internal.metals.CodeLensProvider.findLenses(CodeLensProvider.scala:22)
	at scala.meta.internal.metals.MetalsLanguageServer.$anonfun$codeLens$2(MetalsLanguageServer.scala:1744)
	at scala.meta.internal.metals.TimerProvider.timedThunk(TimerProvider.scala:25)
	at scala.meta.internal.metals.MetalsLanguageServer.$anonfun$codeLens$1(MetalsLanguageServer.scala:1742)
	at scala.meta.internal.metals.CancelTokens$.$anonfun$apply$2(CancelTokens.scala:26)
	at scala.concurrent.Future$.$anonfun$apply$1(Future.scala:678)
	at scala.concurrent.impl.Promise$Transformation.run(Promise.scala:467)
	at java.util.concurrent.ThreadPoolExecutor.runWorker(ThreadPoolExecutor.java:1136)
	at java.util.concurrent.ThreadPoolExecutor$Worker.run(ThreadPoolExecutor.java:635)
	at java.lang.Thread.run(Thread.java:833)

2022.11.14 11:05:57 WARN  no build target for: D:\University - KCL (BSc - Computer Science)\Year 2\Programming (PEP)\Scala\Scala-Learning\Scala-Learning\Week 1\practical\practical_1.scala
2022.11.14 11:07:18 WARN  no build target for: D:\University - KCL (BSc - Computer Science)\Year 2\Programming (PEP)\Scala\Scala-Learning\Scala-Learning\Week 1\practical\practical_1.scala
2022.11.14 11:09:10 WARN  no build target for: D:\University - KCL (BSc - Computer Science)\Year 2\Programming (PEP)\Scala\Scala-Learning\Scala-Learning\Week 1\practical\practical_1.scala
2022.11.14 11:09:32 WARN  no build target for: D:\University - KCL (BSc - Computer Science)\Year 2\Programming (PEP)\Scala\Scala-Learning\Scala-Learning\Week 1\practical\practical_1.scala
2022.11.14 11:09:49 WARN  no build target for: D:\University - KCL (BSc - Computer Science)\Year 2\Programming (PEP)\Scala\Scala-Learning\Scala-Learning\Week 1\practical\practical_1.scala
2022.11.14 11:10:00 WARN  no build target for: D:\University - KCL (BSc - Computer Science)\Year 2\Programming (PEP)\Scala\Scala-Learning\Scala-Learning\Week 1\practical\practical_1.scala
2022.11.14 11:11:47 WARN  no build target for: D:\University - KCL (BSc - Computer Science)\Year 2\Programming (PEP)\Scala\Scala-Learning\Scala-Learning\Week 1\practical\practical_1.scala
2022.11.14 11:12:45 WARN  no build target for: D:\University - KCL (BSc - Computer Science)\Year 2\Programming (PEP)\Scala\Scala-Learning\Scala-Learning\Week 1\practical\practical_1.scala
2022.11.14 11:12:54 WARN  no build target for: D:\University - KCL (BSc - Computer Science)\Year 2\Programming (PEP)\Scala\Scala-Learning\Scala-Learning\Week 1\practical\practical_1.scala
2022.11.14 11:13:08 WARN  no build target for: D:\University - KCL (BSc - Computer Science)\Year 2\Programming (PEP)\Scala\Scala-Learning\Scala-Learning\Week 1\practical\practical_1.scala
2022.11.14 11:14:21 ERROR text document: file:///c:/Users/ivan0/AppData/Local/Microsoft/Windows/INetCache/IE/RX6YZ0I3/wsh01%5B1%5D.scalajava.nio.file.NoSuchFileException: c:\Users\ivan0\AppData\Local\Microsoft\Windows\INetCache\IE\RX6YZ0I3\wsh01[1].scala
	at sun.nio.fs.WindowsException.translateToIOException(WindowsException.java:85)
	at sun.nio.fs.WindowsException.rethrowAsIOException(WindowsException.java:103)
	at sun.nio.fs.WindowsException.rethrowAsIOException(WindowsException.java:108)
	at sun.nio.fs.WindowsFileSystemProvider.newByteChannel(WindowsFileSystemProvider.java:236)
	at java.nio.file.Files.newByteChannel(Files.java:380)
	at java.nio.file.Files.newByteChannel(Files.java:432)
	at java.nio.file.Files.readAllBytes(Files.java:3288)
	at scala.meta.internal.io.PlatformFileIO$.slurp(PlatformFileIO.scala:45)
	at scala.meta.internal.io.FileIO$.slurp(FileIO.scala:24)
	at scala.meta.internal.metals.InteractiveSemanticdbs.$anonfun$textDocument$2(InteractiveSemanticdbs.scala:90)
	at scala.Option.getOrElse(Option.scala:201)
	at scala.meta.internal.metals.InteractiveSemanticdbs.$anonfun$textDocument$1(InteractiveSemanticdbs.scala:90)
	at java.util.HashMap.compute(HashMap.java:1316)
	at java.util.Collections$SynchronizedMap.compute(Collections.java:2770)
	at scala.meta.internal.metals.InteractiveSemanticdbs.textDocument(InteractiveSemanticdbs.scala:89)
	at scala.meta.internal.metals.InteractiveSemanticdbs.textDocument(InteractiveSemanticdbs.scala:63)
	at scala.meta.internal.metals.AggregateSemanticdbs.loop$1(AggregateSemanticdbs.scala:30)
	at scala.meta.internal.metals.AggregateSemanticdbs.textDocument(AggregateSemanticdbs.scala:36)
	at scala.meta.internal.metals.CodeLensProvider.findLenses(CodeLensProvider.scala:22)
	at scala.meta.internal.metals.MetalsLanguageServer.$anonfun$codeLens$2(MetalsLanguageServer.scala:1744)
	at scala.meta.internal.metals.TimerProvider.timedThunk(TimerProvider.scala:25)
	at scala.meta.internal.metals.MetalsLanguageServer.$anonfun$codeLens$1(MetalsLanguageServer.scala:1742)
	at scala.meta.internal.metals.CancelTokens$.$anonfun$apply$2(CancelTokens.scala:26)
	at scala.concurrent.Future$.$anonfun$apply$1(Future.scala:678)
	at scala.concurrent.impl.Promise$Transformation.run(Promise.scala:467)
	at java.util.concurrent.ThreadPoolExecutor.runWorker(ThreadPoolExecutor.java:1136)
	at java.util.concurrent.ThreadPoolExecutor$Worker.run(ThreadPoolExecutor.java:635)
	at java.lang.Thread.run(Thread.java:833)

2022.11.14 11:15:13 WARN  no build target for: D:\University - KCL (BSc - Computer Science)\Year 2\Programming (PEP)\Scala\Scala-Learning\Scala-Learning\Week 1\practical\practical_1.scala
Nov 14, 2022 11:16:30 AM org.eclipse.lsp4j.jsonrpc.RemoteEndpoint handleCancellation
WARNING: Unmatched cancel notification for request id 7621
2022.11.14 11:17:18 WARN  no build target for: D:\University - KCL (BSc - Computer Science)\Year 2\Programming (PEP)\Scala\Scala-Learning\Scala-Learning\Week 1\practical\practical_1.scala
Nov 14, 2022 11:18:10 AM org.eclipse.lsp4j.jsonrpc.RemoteEndpoint handleCancellation
WARNING: Unmatched cancel notification for request id 8003
2022.11.14 11:18:12 WARN  no build target for: D:\University - KCL (BSc - Computer Science)\Year 2\Programming (PEP)\Scala\Scala-Learning\Scala-Learning\Week 1\practical\practical_1.scala
2022.11.14 11:18:14 WARN  no build target for: D:\University - KCL (BSc - Computer Science)\Year 2\Programming (PEP)\Scala\Scala-Learning\Scala-Learning\Week 1\practical\practical_1.scala
2022.11.14 11:20:14 WARN  no build target for: D:\University - KCL (BSc - Computer Science)\Year 2\Programming (PEP)\Scala\Scala-Learning\Scala-Learning\Week 1\practical\practical_1.scala
2022.11.14 11:20:26 WARN  no build target for: D:\University - KCL (BSc - Computer Science)\Year 2\Programming (PEP)\Scala\Scala-Learning\Scala-Learning\Week 1\practical\practical_1.scala
2022.11.14 11:20:27 WARN  no build target for: D:\University - KCL (BSc - Computer Science)\Year 2\Programming (PEP)\Scala\Scala-Learning\Scala-Learning\Week 1\practical\practical_1.scala
2022.11.14 11:20:37 WARN  no build target for: D:\University - KCL (BSc - Computer Science)\Year 2\Programming (PEP)\Scala\Scala-Learning\Scala-Learning\Week 1\practical\practical_1.scala
2022.11.14 11:20:46 WARN  no build target for: D:\University - KCL (BSc - Computer Science)\Year 2\Programming (PEP)\Scala\Scala-Learning\Scala-Learning\Week 1\practical\practical_1.scala
2022.11.14 11:22:52 WARN  no build target for: D:\University - KCL (BSc - Computer Science)\Year 2\Programming (PEP)\Scala\Scala-Learning\Scala-Learning\Week 1\practical\practical_1.scala
2022.11.14 11:23:47 ERROR text document: file:///c:/Users/ivan0/AppData/Local/Microsoft/Windows/INetCache/IE/RX6YZ0I3/wsh01%5B1%5D.scalajava.nio.file.NoSuchFileException: c:\Users\ivan0\AppData\Local\Microsoft\Windows\INetCache\IE\RX6YZ0I3\wsh01[1].scala
	at sun.nio.fs.WindowsException.translateToIOException(WindowsException.java:85)
	at sun.nio.fs.WindowsException.rethrowAsIOException(WindowsException.java:103)
	at sun.nio.fs.WindowsException.rethrowAsIOException(WindowsException.java:108)
	at sun.nio.fs.WindowsFileSystemProvider.newByteChannel(WindowsFileSystemProvider.java:236)
	at java.nio.file.Files.newByteChannel(Files.java:380)
	at java.nio.file.Files.newByteChannel(Files.java:432)
	at java.nio.file.Files.readAllBytes(Files.java:3288)
	at scala.meta.internal.io.PlatformFileIO$.slurp(PlatformFileIO.scala:45)
	at scala.meta.internal.io.FileIO$.slurp(FileIO.scala:24)
	at scala.meta.internal.metals.InteractiveSemanticdbs.$anonfun$textDocument$2(InteractiveSemanticdbs.scala:90)
	at scala.Option.getOrElse(Option.scala:201)
	at scala.meta.internal.metals.InteractiveSemanticdbs.$anonfun$textDocument$1(InteractiveSemanticdbs.scala:90)
	at java.util.HashMap.compute(HashMap.java:1316)
	at java.util.Collections$SynchronizedMap.compute(Collections.java:2770)
	at scala.meta.internal.metals.InteractiveSemanticdbs.textDocument(InteractiveSemanticdbs.scala:89)
	at scala.meta.internal.metals.InteractiveSemanticdbs.textDocument(InteractiveSemanticdbs.scala:63)
	at scala.meta.internal.metals.AggregateSemanticdbs.loop$1(AggregateSemanticdbs.scala:30)
	at scala.meta.internal.metals.AggregateSemanticdbs.textDocument(AggregateSemanticdbs.scala:36)
	at scala.meta.internal.metals.CodeLensProvider.findLenses(CodeLensProvider.scala:22)
	at scala.meta.internal.metals.MetalsLanguageServer.$anonfun$codeLens$2(MetalsLanguageServer.scala:1744)
	at scala.meta.internal.metals.TimerProvider.timedThunk(TimerProvider.scala:25)
	at scala.meta.internal.metals.MetalsLanguageServer.$anonfun$codeLens$1(MetalsLanguageServer.scala:1742)
	at scala.meta.internal.metals.CancelTokens$.$anonfun$apply$2(CancelTokens.scala:26)
	at scala.concurrent.Future$.$anonfun$apply$1(Future.scala:678)
	at scala.concurrent.impl.Promise$Transformation.run(Promise.scala:467)
	at java.util.concurrent.ThreadPoolExecutor.runWorker(ThreadPoolExecutor.java:1136)
	at java.util.concurrent.ThreadPoolExecutor$Worker.run(ThreadPoolExecutor.java:635)
	at java.lang.Thread.run(Thread.java:833)

2022.11.14 11:23:58 WARN  no build target for: D:\University - KCL (BSc - Computer Science)\Year 2\Programming (PEP)\Scala\Scala-Learning\Scala-Learning\Week 1\practical\practical_1.scala
2022.11.14 11:24:03 ERROR text document: file:///c:/Users/ivan0/AppData/Local/Microsoft/Windows/INetCache/IE/RX6YZ0I3/wsh01%5B1%5D.scalajava.nio.file.NoSuchFileException: c:\Users\ivan0\AppData\Local\Microsoft\Windows\INetCache\IE\RX6YZ0I3\wsh01[1].scala
	at sun.nio.fs.WindowsException.translateToIOException(WindowsException.java:85)
	at sun.nio.fs.WindowsException.rethrowAsIOException(WindowsException.java:103)
	at sun.nio.fs.WindowsException.rethrowAsIOException(WindowsException.java:108)
	at sun.nio.fs.WindowsFileSystemProvider.newByteChannel(WindowsFileSystemProvider.java:236)
	at java.nio.file.Files.newByteChannel(Files.java:380)
	at java.nio.file.Files.newByteChannel(Files.java:432)
	at java.nio.file.Files.readAllBytes(Files.java:3288)
	at scala.meta.internal.io.PlatformFileIO$.slurp(PlatformFileIO.scala:45)
	at scala.meta.internal.io.FileIO$.slurp(FileIO.scala:24)
	at scala.meta.internal.metals.InteractiveSemanticdbs.$anonfun$textDocument$2(InteractiveSemanticdbs.scala:90)
	at scala.Option.getOrElse(Option.scala:201)
	at scala.meta.internal.metals.InteractiveSemanticdbs.$anonfun$textDocument$1(InteractiveSemanticdbs.scala:90)
	at java.util.HashMap.compute(HashMap.java:1316)
	at java.util.Collections$SynchronizedMap.compute(Collections.java:2770)
	at scala.meta.internal.metals.InteractiveSemanticdbs.textDocument(InteractiveSemanticdbs.scala:89)
	at scala.meta.internal.metals.InteractiveSemanticdbs.textDocument(InteractiveSemanticdbs.scala:63)
	at scala.meta.internal.metals.AggregateSemanticdbs.loop$1(AggregateSemanticdbs.scala:30)
	at scala.meta.internal.metals.AggregateSemanticdbs.textDocument(AggregateSemanticdbs.scala:36)
	at scala.meta.internal.metals.CodeLensProvider.findLenses(CodeLensProvider.scala:22)
	at scala.meta.internal.metals.MetalsLanguageServer.$anonfun$codeLens$2(MetalsLanguageServer.scala:1744)
	at scala.meta.internal.metals.TimerProvider.timedThunk(TimerProvider.scala:25)
	at scala.meta.internal.metals.MetalsLanguageServer.$anonfun$codeLens$1(MetalsLanguageServer.scala:1742)
	at scala.meta.internal.metals.CancelTokens$.$anonfun$apply$2(CancelTokens.scala:26)
	at scala.concurrent.Future$.$anonfun$apply$1(Future.scala:678)
	at scala.concurrent.impl.Promise$Transformation.run(Promise.scala:467)
	at java.util.concurrent.ThreadPoolExecutor.runWorker(ThreadPoolExecutor.java:1136)
	at java.util.concurrent.ThreadPoolExecutor$Worker.run(ThreadPoolExecutor.java:635)
	at java.lang.Thread.run(Thread.java:833)

2022.11.14 11:24:11 WARN  no build target for: D:\University - KCL (BSc - Computer Science)\Year 2\Programming (PEP)\Scala\Scala-Learning\Scala-Learning\Week 1\practical\practical_1.scala
2022.11.14 11:32:34 WARN  no build target for: D:\University - KCL (BSc - Computer Science)\Year 2\Programming (PEP)\Scala\Scala-Learning\Scala-Learning\Week 1\practical\practical_1.scala
2022.11.14 11:32:58 WARN  no build target for: D:\University - KCL (BSc - Computer Science)\Year 2\Programming (PEP)\Scala\Scala-Learning\Scala-Learning\Week 1\practical\practical_1.scala
2022.11.14 11:40:47 WARN  no build target for: D:\University - KCL (BSc - Computer Science)\Year 2\Programming (PEP)\Scala\Scala-Learning\Scala-Learning\Week 1\practical\practical_1.scala
2022.11.14 11:42:13 WARN  no build target for: D:\University - KCL (BSc - Computer Science)\Year 2\Programming (PEP)\Scala\Scala-Learning\Scala-Learning\Week 1\practical\practical_1.scala
2022.11.14 11:43:33 WARN  no build target for: D:\University - KCL (BSc - Computer Science)\Year 3\Programming (CFL)\Scala-Compilers-Learning\Scala-Compilers-Learning\Week 4\tokens.scala
Nov 14, 2022 11:43:33 AM org.eclipse.lsp4j.jsonrpc.RemoteEndpoint handleCancellation
WARNING: Unmatched cancel notification for request id 9244
Nov 14, 2022 11:45:25 AM org.eclipse.lsp4j.jsonrpc.RemoteEndpoint handleCancellation
WARNING: Unmatched cancel notification for request id 9249
2022.11.14 11:45:54 WARN  no build target for: D:\University - KCL (BSc - Computer Science)\Year 2\Programming (PEP)\Scala\Scala-Learning\Scala-Learning\Week 1\practical\practical_1.scala
Nov 14, 2022 11:47:19 AM scala.meta.internal.pc.CompilerAccess handleError
SEVERE: Toplevel definition token is defined in
  D:/University - KCL (BSc - Computer Science)/Year 3/Programming (CFL)/Scala-Compilers-Learning/Scala-Compilers-Learning/Week 4/tokens.scala
and also in
  C:/Users/ivan0/Downloads/token.sc
One of these files should be removed from the classpath.
dotty.tools.dotc.core.TypeError: Toplevel definition token is defined in
  D:/University - KCL (BSc - Computer Science)/Year 3/Programming (CFL)/Scala-Compilers-Learning/Scala-Compilers-Learning/Week 4/tokens.scala
and also in
  C:/Users/ivan0/Downloads/token.sc
One of these files should be removed from the classpath.
	at dotty.tools.dotc.core.SymDenotations$PackageClassDenotation.dropStale$1(SymDenotations.scala:2435)
	at dotty.tools.dotc.core.SymDenotations$PackageClassDenotation.recur$5(SymDenotations.scala:2399)
	at dotty.tools.dotc.core.SymDenotations$PackageClassDenotation.computeMembersNamed(SymDenotations.scala:2455)
	at dotty.tools.dotc.core.SymDenotations$ClassDenotation.membersNamed(SymDenotations.scala:2014)
	at dotty.tools.dotc.core.SymDenotations$ClassDenotation.findMember(SymDenotations.scala:2065)
	at dotty.tools.dotc.core.Types$Type.go$1(Types.scala:686)
	at dotty.tools.dotc.core.Types$Type.goThis$1(Types.scala:811)
	at dotty.tools.dotc.core.Types$Type.go$1(Types.scala:703)
	at dotty.tools.dotc.core.Types$Type.findMember(Types.scala:879)
	at dotty.tools.dotc.core.Types$Type.memberBasedOnFlags(Types.scala:669)
	at dotty.tools.dotc.core.Types$Type.member(Types.scala:653)
	at dotty.tools.dotc.core.Types$Type.allMembers$$anonfun$1(Types.scala:1023)
	at scala.runtime.function.JProcedure2.apply(JProcedure2.java:15)
	at scala.runtime.function.JProcedure2.apply(JProcedure2.java:10)
	at dotty.tools.dotc.core.Types$Type.memberDenots$$anonfun$1(Types.scala:925)
	at scala.runtime.function.JProcedure1.apply(JProcedure1.java:15)
	at scala.runtime.function.JProcedure1.apply(JProcedure1.java:10)
	at scala.collection.immutable.BitmapIndexedSetNode.foreach(HashSet.scala:937)
	at scala.collection.immutable.HashSet.foreach(HashSet.scala:944)
	at dotty.tools.dotc.core.Types$Type.memberDenots(Types.scala:925)
	at dotty.tools.dotc.core.Types$Type.allMembers(Types.scala:1023)
	at scala.meta.internal.pc.IndexedContext$.accesibleMembers$1(IndexedContext.scala:137)
	at scala.meta.internal.pc.IndexedContext$.scala$meta$internal$pc$IndexedContext$$$extractNames(IndexedContext.scala:195)
	at scala.meta.internal.pc.IndexedContext$LazyWrapper.<init>(IndexedContext.scala:87)
	at scala.meta.internal.pc.IndexedContext$.apply(IndexedContext.scala:75)
	at scala.meta.internal.pc.IndexedContext$LazyWrapper.<init>(IndexedContext.scala:86)
	at scala.meta.internal.pc.IndexedContext$.apply(IndexedContext.scala:75)
	at scala.meta.internal.pc.IndexedContext$LazyWrapper.<init>(IndexedContext.scala:86)
	at scala.meta.internal.pc.IndexedContext$.apply(IndexedContext.scala:75)
	at scala.meta.internal.pc.IndexedContext$LazyWrapper.<init>(IndexedContext.scala:86)
	at scala.meta.internal.pc.IndexedContext$.apply(IndexedContext.scala:75)
	at scala.meta.internal.pc.IndexedContext$LazyWrapper.<init>(IndexedContext.scala:86)
	at scala.meta.internal.pc.IndexedContext$.apply(IndexedContext.scala:75)
	at scala.meta.internal.pc.IndexedContext$LazyWrapper.<init>(IndexedContext.scala:86)
	at scala.meta.internal.pc.IndexedContext$.apply(IndexedContext.scala:75)
	at scala.meta.internal.pc.IndexedContext$LazyWrapper.<init>(IndexedContext.scala:86)
	at scala.meta.internal.pc.IndexedContext$.apply(IndexedContext.scala:75)
	at scala.meta.internal.pc.IndexedContext$LazyWrapper.<init>(IndexedContext.scala:86)
	at scala.meta.internal.pc.IndexedContext$.apply(IndexedContext.scala:75)
	at scala.meta.internal.pc.completions.CompletionProvider.completions(CompletionProvider.scala:63)

2022.11.14 11:47:56 WARN  no build target for: D:\University - KCL (BSc - Computer Science)\Year 2\Programming (PEP)\Scala\Scala-Learning\Scala-Learning\Week 1\practical\practical_1.scala
2022.11.14 11:48:12 WARN  no build target for: D:\University - KCL (BSc - Computer Science)\Year 2\Programming (PEP)\Scala\Scala-Learning\Scala-Learning\Week 1\practical\practical_1.scala
2022.11.14 11:48:17 WARN  no build target for: D:\University - KCL (BSc - Computer Science)\Year 2\Programming (PEP)\Scala\Scala-Learning\Scala-Learning\Week 1\practical\practical_1.scala
2022.11.14 11:48:40 WARN  no build target for: D:\University - KCL (BSc - Computer Science)\Year 2\Programming (PEP)\Scala\Scala-Learning\Scala-Learning\Week 1\practical\practical_1.scala
2022.11.14 11:49:43 WARN  no build target for: D:\University - KCL (BSc - Computer Science)\Year 2\Programming (PEP)\Scala\Scala-Learning\Scala-Learning\Week 1\practical\practical_1.scala
2022.11.14 21:50:10 WARN  no build target for: D:\University - KCL (BSc - Computer Science)\Year 2\Programming (PEP)\Scala\Scala-Learning\Scala-Learning\Week 1\practical\practical_1.scala
